<?xml version="1.0" encoding="UTF-8"?>
<testsuite name="br.com.unittestexample.gereciamento.GerenciamentoListaTarefasTest" tests="1" skipped="0" failures="0" errors="0" timestamp="2021-03-05T02:25:23" hostname="linuxsavanna" time="0.114">
  <properties/>
  <testcase name="testCriarTarefaDiaSemana_comId()" classname="br.com.unittestexample.gereciamento.GerenciamentoListaTarefasTest" time="0.114"/>
  <system-out><![CDATA[]]></system-out>
  <system-err><![CDATA[]]></system-err>
</testsuite>
